#
# There is insufficient memory for the Java Runtime Environment to continue.
# Native memory allocation (malloc) failed to allocate 1102576 bytes for Chunk::new
# Possible reasons:
#   The system is out of physical RAM or swap space
#   In 32 bit mode, the process size limit was hit
# Possible solutions:
#   Reduce memory load on the system
#   Increase physical memory or swap space
#   Check if swap backing store is full
#   Use 64 bit Java on a 64 bit OS
#   Decrease Java heap size (-Xmx/-Xms)
#   Decrease number of Java threads
#   Decrease Java thread stack sizes (-Xss)
#   Set larger code cache with -XX:ReservedCodeCacheSize=
# This output file may be truncated or incomplete.
#
#  Out of Memory Error (allocation.cpp:390), pid=20512, tid=0x0000000000001600
#
# JRE version: Java(TM) SE Runtime Environment (8.0_191-b12) (build 1.8.0_191-b12)
# Java VM: Java HotSpot(TM) 64-Bit Server VM (25.191-b12 mixed mode windows-amd64 compressed oops)
# Failed to write core dump. Minidumps are not enabled by default on client versions of Windows
#

---------------  T H R E A D  ---------------

Current thread (0x00000000195c6800):  JavaThread "C2 CompilerThread0" daemon [_thread_in_native, id=5632, stack(0x0000000019730000,0x0000000019830000)]

Stack: [0x0000000019730000,0x0000000019830000]
[error occurred during error reporting (printing stack bounds), id 0xc0000005]

Native frames: (J=compiled Java code, j=interpreted, Vv=VM code, C=native code)


Current CompileTask:
C2:  12811 3507   !   4       java.net.URL::<init> (543 bytes)


---------------  P R O C E S S  ---------------

Java Threads: ( => current thread )
  0x00000000194b8000 JavaThread "HikariPool-1 connection adder" daemon [_thread_blocked, id=5340, stack(0x0000000021cd0000,0x0000000021dd0000)]
  0x000000001b1e0000 JavaThread "HikariPool-1 housekeeper" daemon [_thread_blocked, id=13236, stack(0x0000000021bd0000,0x0000000021cd0000)]
  0x000000001b1e3000 JavaThread "mysql-cj-abandoned-connection-cleanup" daemon [_thread_blocked, id=14468, stack(0x00000000213d0000,0x00000000214d0000)]
  0x000000001b1e1800 JavaThread "container-0" [_thread_blocked, id=12704, stack(0x00000000212d0000,0x00000000213d0000)]
  0x000000001b1e0800 JavaThread "Catalina-utility-2" [_thread_blocked, id=2400, stack(0x00000000201c0000,0x00000000202c0000)]
  0x000000001b1e2000 JavaThread "Catalina-utility-1" [_thread_blocked, id=28648, stack(0x000000001d690000,0x000000001d790000)]
  0x000000001995c800 JavaThread "Service Thread" daemon [_thread_blocked, id=220, stack(0x000000001a230000,0x000000001a330000)]
  0x0000000019938800 JavaThread "C1 CompilerThread2" daemon [_thread_blocked, id=4812, stack(0x000000001a130000,0x000000001a230000)]
  0x00000000195c7800 JavaThread "C2 CompilerThread1" daemon [_thread_in_native, id=14772, stack(0x0000000019830000,0x0000000019930000)]
=>0x00000000195c6800 JavaThread "C2 CompilerThread0" daemon [_thread_in_native, id=5632, stack(0x0000000019730000,0x0000000019830000)]
  0x00000000195c3800 JavaThread "Monitor Ctrl-Break" daemon [_thread_in_native, id=23684, stack(0x0000000019630000,0x0000000019730000)]
  0x0000000017ba3000 JavaThread "Attach Listener" daemon [_thread_blocked, id=14532, stack(0x0000000019130000,0x0000000019230000)]
  0x0000000017ba2000 JavaThread "Signal Dispatcher" daemon [_thread_blocked, id=23128, stack(0x0000000019030000,0x0000000019130000)]
  0x00000000030cb800 JavaThread "Finalizer" daemon [_thread_blocked, id=11308, stack(0x0000000018e10000,0x0000000018f10000)]
  0x0000000017b8a800 JavaThread "Reference Handler" daemon [_thread_blocked, id=27200, stack(0x0000000018d10000,0x0000000018e10000)]
  0x0000000002bcd000 JavaThread "main" [_thread_in_vm, id=12776, stack(0x0000000002cd0000,0x0000000002dd0000)]

Other Threads:
  0x0000000017b67000 VMThread [stack: 0x0000000018c10000,0x0000000018d10000] [id=6852]
  0x000000001999b800 WatcherThread [stack: 0x000000001a4a0000,0x000000001a5a0000] [id=25164]

VM state:not at safepoint (normal execution)

VM Mutex/Monitor currently owned by a thread: None

Heap:
 PSYoungGen      total 130048K, used 68918K [0x00000000d6100000, 0x00000000e1d80000, 0x0000000100000000)
  eden space 126976K, 54% used [0x00000000d6100000,0x00000000da44d9c8,0x00000000ddd00000)
  from space 3072K, 0% used [0x00000000de900000,0x00000000de900000,0x00000000dec00000)
  to   space 12288K, 0% used [0x00000000ddd00000,0x00000000ddd00000,0x00000000de900000)
 ParOldGen       total 52224K, used 14019K [0x0000000082200000, 0x0000000085500000, 0x00000000d6100000)
  object space 52224K, 26% used [0x0000000082200000,0x0000000082fb0cf8,0x0000000085500000)
 Metaspace       used 41431K, capacity 43340K, committed 43608K, reserved 1087488K
  class space    used 5573K, capacity 5898K, committed 5976K, reserved 1048576K

Card table byte_map: [0x0000000012490000,0x0000000012880000] byte_map_base: 0x000000001207f000

Marking Bits: (ParMarkBitMap*) 0x0000000052ca3e30
 Begin Bits: [0x0000000012f20000, 0x0000000014e98000)
 End Bits:   [0x0000000014e98000, 0x0000000016e10000)

Polling page: 0x00000000009f0000

CodeCache: size=245760Kb used=12273Kb max_used=12273Kb free=233486Kb
 bounds [0x00000000030d0000, 0x0000000003ce0000, 0x00000000120d0000]
 total_blobs=3857 nmethods=3386 adapters=383
 compilation: enabled

Compilation events (10 events):
Event: 12.766 Thread 0x0000000019938800 nmethod 3573 0x0000000003cd4e90 code [0x0000000003cd5020, 0x0000000003cd5568]
Event: 12.766 Thread 0x0000000019938800 3577       3       org.hibernate.annotations.common.reflection.java.generics.TypeSwitch::<init> (5 bytes)
Event: 12.766 Thread 0x0000000019938800 nmethod 3577 0x0000000003cccf90 code [0x0000000003ccd0e0, 0x0000000003ccd290]
Event: 12.766 Thread 0x0000000019938800 3574       3       org.hibernate.annotations.common.reflection.java.generics.CompoundTypeEnvironment::create (28 bytes)
Event: 12.766 Thread 0x0000000019938800 nmethod 3574 0x0000000003cd5790 code [0x0000000003cd5940, 0x0000000003cd5e78]
Event: 12.766 Thread 0x0000000019938800 3575       1       org.hibernate.annotations.common.reflection.java.JavaReflectionManager::access$000 (5 bytes)
Event: 12.766 Thread 0x0000000019938800 nmethod 3575 0x0000000003cccc90 code [0x0000000003cccde0, 0x0000000003ccced0]
Event: 12.766 Thread 0x0000000019938800 3576       1       org.hibernate.annotations.common.reflection.java.Pair::hashCode (5 bytes)
Event: 12.767 Thread 0x0000000019938800 nmethod 3576 0x0000000003cd6110 code [0x0000000003cd6260, 0x0000000003cd6370]
Event: 12.792 Thread 0x00000000195c7800 3578       4       java.lang.ClassLoader::preDefineClass (109 bytes)

GC Heap History (10 events):
Event: 3.405 GC heap before
{Heap before GC invocations=6 (full 1):
 PSYoungGen      total 70656K, used 5096K [0x00000000d6100000, 0x00000000df100000, 0x0000000100000000)
  eden space 65536K, 0% used [0x00000000d6100000,0x00000000d6100000,0x00000000da100000)
  from space 5120K, 99% used [0x00000000da100000,0x00000000da5fa168,0x00000000da600000)
  to   space 8192K, 0% used [0x00000000de900000,0x00000000de900000,0x00000000df100000)
 ParOldGen       total 86016K, used 4064K [0x0000000082200000, 0x0000000087600000, 0x00000000d6100000)
  object space 86016K, 4% used [0x0000000082200000,0x00000000825f82a8,0x0000000087600000)
 Metaspace       used 20579K, capacity 21192K, committed 21248K, reserved 1067008K
  class space    used 2651K, capacity 2814K, committed 2816K, reserved 1048576K
Event: 3.456 GC heap after
Heap after GC invocations=6 (full 1):
 PSYoungGen      total 70656K, used 0K [0x00000000d6100000, 0x00000000df100000, 0x0000000100000000)
  eden space 65536K, 0% used [0x00000000d6100000,0x00000000d6100000,0x00000000da100000)
  from space 5120K, 0% used [0x00000000da100000,0x00000000da100000,0x00000000da600000)
  to   space 8192K, 0% used [0x00000000de900000,0x00000000de900000,0x00000000df100000)
 ParOldGen       total 52224K, used 6659K [0x0000000082200000, 0x0000000085500000, 0x00000000d6100000)
  object space 52224K, 12% used [0x0000000082200000,0x0000000082880cd0,0x0000000085500000)
 Metaspace       used 20577K, capacity 21186K, committed 21248K, reserved 1067008K
  class space    used 2650K, capacity 2813K, committed 2816K, reserved 1048576K
}
Event: 4.728 GC heap before
{Heap before GC invocations=7 (full 1):
 PSYoungGen      total 70656K, used 65536K [0x00000000d6100000, 0x00000000df100000, 0x0000000100000000)
  eden space 65536K, 100% used [0x00000000d6100000,0x00000000da100000,0x00000000da100000)
  from space 5120K, 0% used [0x00000000da100000,0x00000000da100000,0x00000000da600000)
  to   space 8192K, 0% used [0x00000000de900000,0x00000000de900000,0x00000000df100000)
 ParOldGen       total 52224K, used 6665K [0x0000000082200000, 0x0000000085500000, 0x00000000d6100000)
  object space 52224K, 12% used [0x0000000082200000,0x0000000082882448,0x0000000085500000)
 Metaspace       used 22196K, capacity 22964K, committed 23040K, reserved 1069056K
  class space    used 2854K, capacity 3026K, committed 3072K, reserved 1048576K
Event: 4.734 GC heap after
Heap after GC invocations=7 (full 1):
 PSYoungGen      total 111104K, used 2971K [0x00000000d6100000, 0x00000000dec00000, 0x0000000100000000)
  eden space 108032K, 0% used [0x00000000d6100000,0x00000000d6100000,0x00000000dca80000)
  from space 3072K, 96% used [0x00000000de900000,0x00000000debe6e70,0x00000000dec00000)
  to   space 8704K, 0% used [0x00000000ddb00000,0x00000000ddb00000,0x00000000de380000)
 ParOldGen       total 52224K, used 6673K [0x0000000082200000, 0x0000000085500000, 0x00000000d6100000)
  object space 52224K, 12% used [0x0000000082200000,0x0000000082884448,0x0000000085500000)
 Metaspace       used 22196K, capacity 22964K, committed 23040K, reserved 1069056K
  class space    used 2854K, capacity 3026K, committed 3072K, reserved 1048576K
}
Event: 9.219 GC heap before
{Heap before GC invocations=8 (full 1):
 PSYoungGen      total 111104K, used 111003K [0x00000000d6100000, 0x00000000dec00000, 0x0000000100000000)
  eden space 108032K, 100% used [0x00000000d6100000,0x00000000dca80000,0x00000000dca80000)
  from space 3072K, 96% used [0x00000000de900000,0x00000000debe6e70,0x00000000dec00000)
  to   space 8704K, 0% used [0x00000000ddb00000,0x00000000ddb00000,0x00000000de380000)
 ParOldGen       total 52224K, used 6673K [0x0000000082200000, 0x0000000085500000, 0x00000000d6100000)
  object space 52224K, 12% used [0x0000000082200000,0x0000000082884448,0x0000000085500000)
 Metaspace       used 29440K, capacity 31096K, committed 31360K, reserved 1077248K
  class space    used 3873K, capacity 4158K, committed 4224K, reserved 1048576K
Event: 9.234 GC heap after
Heap after GC invocations=8 (full 1):
 PSYoungGen      total 116736K, used 8691K [0x00000000d6100000, 0x00000000dec00000, 0x0000000100000000)
  eden space 108032K, 0% used [0x00000000d6100000,0x00000000d6100000,0x00000000dca80000)
  from space 8704K, 99% used [0x00000000ddb00000,0x00000000de37ced0,0x00000000de380000)
  to   space 3072K, 0% used [0x00000000de900000,0x00000000de900000,0x00000000dec00000)
 ParOldGen       total 52224K, used 8942K [0x0000000082200000, 0x0000000085500000, 0x00000000d6100000)
  object space 52224K, 17% used [0x0000000082200000,0x0000000082abb910,0x0000000085500000)
 Metaspace       used 29440K, capacity 31096K, committed 31360K, reserved 1077248K
  class space    used 3873K, capacity 4158K, committed 4224K, reserved 1048576K
}
Event: 11.160 GC heap before
{Heap before GC invocations=9 (full 1):
 PSYoungGen      total 116736K, used 92281K [0x00000000d6100000, 0x00000000dec00000, 0x0000000100000000)
  eden space 108032K, 77% used [0x00000000d6100000,0x00000000db2a1608,0x00000000dca80000)
  from space 8704K, 99% used [0x00000000ddb00000,0x00000000de37ced0,0x00000000de380000)
  to   space 3072K, 0% used [0x00000000de900000,0x00000000de900000,0x00000000dec00000)
 ParOldGen       total 52224K, used 8942K [0x0000000082200000, 0x0000000085500000, 0x00000000d6100000)
  object space 52224K, 17% used [0x0000000082200000,0x0000000082abb910,0x0000000085500000)
 Metaspace       used 33649K, capacity 35360K, committed 35416K, reserved 1079296K
  class space    used 4369K, capacity 4670K, committed 4696K, reserved 1048576K
Event: 11.184 GC heap after
Heap after GC invocations=9 (full 1):
 PSYoungGen      total 130048K, used 3054K [0x00000000d6100000, 0x00000000e1d80000, 0x0000000100000000)
  eden space 126976K, 0% used [0x00000000d6100000,0x00000000d6100000,0x00000000ddd00000)
  from space 3072K, 99% used [0x00000000de900000,0x00000000debfbaa0,0x00000000dec00000)
  to   space 12288K, 0% used [0x00000000ddd00000,0x00000000ddd00000,0x00000000de900000)
 ParOldGen       total 52224K, used 15827K [0x0000000082200000, 0x0000000085500000, 0x00000000d6100000)
  object space 52224K, 30% used [0x0000000082200000,0x0000000083174d98,0x0000000085500000)
 Metaspace       used 33649K, capacity 35360K, committed 35416K, reserved 1079296K
  class space    used 4369K, capacity 4670K, committed 4696K, reserved 1048576K
}
Event: 11.184 GC heap before
{Heap before GC invocations=10 (full 2):
 PSYoungGen      total 130048K, used 3054K [0x00000000d6100000, 0x00000000e1d80000, 0x0000000100000000)
  eden space 126976K, 0% used [0x00000000d6100000,0x00000000d6100000,0x00000000ddd00000)
  from space 3072K, 99% used [0x00000000de900000,0x00000000debfbaa0,0x00000000dec00000)
  to   space 12288K, 0% used [0x00000000ddd00000,0x00000000ddd00000,0x00000000de900000)
 ParOldGen       total 52224K, used 15827K [0x0000000082200000, 0x0000000085500000, 0x00000000d6100000)
  object space 52224K, 30% used [0x0000000082200000,0x0000000083174d98,0x0000000085500000)
 Metaspace       used 33649K, capacity 35360K, committed 35416K, reserved 1079296K
  class space    used 4369K, capacity 4670K, committed 4696K, reserved 1048576K
Event: 11.318 GC heap after
Heap after GC invocations=10 (full 2):
 PSYoungGen      total 130048K, used 0K [0x00000000d6100000, 0x00000000e1d80000, 0x0000000100000000)
  eden space 126976K, 0% used [0x00000000d6100000,0x00000000d6100000,0x00000000ddd00000)
  from space 3072K, 0% used [0x00000000de900000,0x00000000de900000,0x00000000dec00000)
  to   space 12288K, 0% used [0x00000000ddd00000,0x00000000ddd00000,0x00000000de900000)
 ParOldGen       total 52224K, used 14019K [0x0000000082200000, 0x0000000085500000, 0x00000000d6100000)
  object space 52224K, 26% used [0x0000000082200000,0x0000000082fb0cf8,0x0000000085500000)
 Metaspace       used 33649K, capacity 35360K, committed 35416K, reserved 1079296K
  class space    used 4369K, capacity 4670K, committed 4696K, reserved 1048576K
}

Deoptimization events (10 events):
Event: 10.749 Thread 0x000000001b1e3000 Uncommon trap: reason=unstable_if action=reinterpret pc=0x0000000003517a50 method=java.net.URL.<init>(Ljava/net/URL;Ljava/lang/String;Ljava/net/URLStreamHandler;)V @ 57
Event: 10.749 Thread 0x000000001b1e3000 Uncommon trap: reason=unstable_if action=reinterpret pc=0x0000000003bd5608 method=java.net.URLStreamHandler.parseURL(Ljava/net/URL;Ljava/lang/String;II)V @ 57
Event: 10.751 Thread 0x0000000002bcd000 Uncommon trap: reason=unstable_if action=reinterpret pc=0x0000000003336c88 method=java.lang.AbstractStringBuilder.append(Ljava/lang/String;)Ljava/lang/AbstractStringBuilder; @ 1
Event: 11.826 Thread 0x0000000002bcd000 Uncommon trap: reason=unstable_if action=reinterpret pc=0x00000000035bf510 method=java.lang.ClassLoader.getClassLoadingLock(Ljava/lang/String;)Ljava/lang/Object; @ 6
Event: 12.099 Thread 0x0000000002bcd000 Uncommon trap: reason=bimorphic action=maybe_recompile pc=0x000000000358139c method=java.util.regex.Matcher.match(II)Z @ 86
Event: 12.125 Thread 0x0000000002bcd000 Uncommon trap: reason=bimorphic action=maybe_recompile pc=0x000000000358139c method=java.util.regex.Matcher.match(II)Z @ 86
Event: 12.130 Thread 0x0000000002bcd000 Uncommon trap: reason=unstable_if action=reinterpret pc=0x0000000003bbb9a0 method=java.net.URI.match(CJJ)Z @ 45
Event: 12.139 Thread 0x0000000002bcd000 Uncommon trap: reason=unstable_if action=reinterpret pc=0x0000000003b809f8 method=java.util.Properties$LineReader.readLine()I @ 271
Event: 12.321 Thread 0x0000000002bcd000 Uncommon trap: reason=unstable_if action=reinterpret pc=0x0000000003627f94 method=sun.misc.ASCIICaseInsensitiveComparator.compare(Ljava/lang/String;Ljava/lang/String;)I @ 83
Event: 12.377 Thread 0x0000000002bcd000 Uncommon trap: reason=unstable_if action=reinterpret pc=0x00000000033ea7c4 method=sun.nio.cs.UTF_8$Decoder.decode([BII[C)I @ 30

Classes redefined (0 events):
No events

Internal exceptions (10 events):
Event: 10.756 Thread 0x0000000002bcd000 Implicit null exception at 0x00000000036babcd to 0x00000000036bb13c
Event: 10.756 Thread 0x0000000002bcd000 Exception <a 'java/lang/NullPointerException'> (0x00000000da5827b8) thrown at [C:\re\workspace\8-2-build-windows-amd64-cygwin\jdk8u191\11896\hotspot\src\share\vm\runtime\sharedRuntime.cpp, line 605]
Event: 10.756 Thread 0x0000000002bcd000 Implicit null exception at 0x00000000036babcd to 0x00000000036bb13c
Event: 10.756 Thread 0x0000000002bcd000 Exception <a 'java/lang/NullPointerException'> (0x00000000da583448) thrown at [C:\re\workspace\8-2-build-windows-amd64-cygwin\jdk8u191\11896\hotspot\src\share\vm\runtime\sharedRuntime.cpp, line 605]
Event: 10.756 Thread 0x0000000002bcd000 Implicit null exception at 0x00000000036babcd to 0x00000000036bb13c
Event: 10.756 Thread 0x0000000002bcd000 Exception <a 'java/lang/NullPointerException'> (0x00000000da5840e0) thrown at [C:\re\workspace\8-2-build-windows-amd64-cygwin\jdk8u191\11896\hotspot\src\share\vm\runtime\sharedRuntime.cpp, line 605]
Event: 10.756 Thread 0x0000000002bcd000 Implicit null exception at 0x00000000036babcd to 0x00000000036bb13c
Event: 10.756 Thread 0x0000000002bcd000 Exception <a 'java/lang/NullPointerException'> (0x00000000da584ce8) thrown at [C:\re\workspace\8-2-build-windows-amd64-cygwin\jdk8u191\11896\hotspot\src\share\vm\runtime\sharedRuntime.cpp, line 605]
Event: 10.757 Thread 0x0000000002bcd000 Implicit null exception at 0x00000000036babcd to 0x00000000036bb13c
Event: 10.757 Thread 0x0000000002bcd000 Exception <a 'java/lang/NullPointerException'> (0x00000000da585990) thrown at [C:\re\workspace\8-2-build-windows-amd64-cygwin\jdk8u191\11896\hotspot\src\share\vm\runtime\sharedRuntime.cpp, line 605]

Events (10 events):
Event: 12.805 loading class org/hibernate/boot/model/naming/ImplicitBasicColumnNameSource
Event: 12.805 loading class org/hibernate/boot/model/naming/ImplicitBasicColumnNameSource done
Event: 12.807 loading class org/hibernate/internal/CoreMessageLogger_$logger_fr_FR
Event: 12.807 loading class org/hibernate/internal/CoreMessageLogger_$logger_fr_FR done
Event: 12.807 loading class org/hibernate/internal/CoreMessageLogger_$logger_fr
Event: 12.807 loading class org/hibernate/internal/CoreMessageLogger_$logger_fr done
Event: 12.807 loading class org/hibernate/mapping/Column
Event: 12.807 loading class org/hibernate/mapping/Column done
Event: 12.808 loading class org/hibernate/mapping/Selectable
Event: 12.808 loading class org/hibernate/mapping/Selectable done


Dynamic libraries:
0x00007ff68dd00000 - 0x00007ff68dd37000 	C:\Program Files\Java\jdk1.8.0_191\bin\java.exe
0x00007ffc33bf0000 - 0x00007ffc33ddd000 	C:\WINDOWS\SYSTEM32\ntdll.dll
0x00007ffc31dd0000 - 0x00007ffc31e83000 	C:\WINDOWS\System32\KERNEL32.DLL
0x00007ffc309c0000 - 0x00007ffc30c53000 	C:\WINDOWS\System32\KERNELBASE.dll
0x00007ffc312f0000 - 0x00007ffc31393000 	C:\WINDOWS\System32\ADVAPI32.dll
0x00007ffc337c0000 - 0x00007ffc3385e000 	C:\WINDOWS\System32\msvcrt.dll
0x00007ffc313a0000 - 0x00007ffc3143e000 	C:\WINDOWS\System32\sechost.dll
0x00007ffc31970000 - 0x00007ffc31a92000 	C:\WINDOWS\System32\RPCRT4.dll
0x00007ffc31460000 - 0x00007ffc315f7000 	C:\WINDOWS\System32\USER32.dll
0x00007ffc2fd10000 - 0x00007ffc2fd30000 	C:\WINDOWS\System32\win32u.dll
0x00007ffc31e90000 - 0x00007ffc31eb9000 	C:\WINDOWS\System32\GDI32.dll
0x00007ffc30cd0000 - 0x00007ffc30e69000 	C:\WINDOWS\System32\gdi32full.dll
0x00007ffc2fd30000 - 0x00007ffc2fdd0000 	C:\WINDOWS\System32\msvcp_win.dll
0x00007ffc30060000 - 0x00007ffc3015a000 	C:\WINDOWS\System32\ucrtbase.dll
0x00007ffc1af50000 - 0x00007ffc1b1c9000 	C:\WINDOWS\WinSxS\amd64_microsoft.windows.common-controls_6595b64144ccf1df_6.0.17763.1039_none_de701650534c7021\COMCTL32.dll
0x00007ffc31ec0000 - 0x00007ffc321ec000 	C:\WINDOWS\System32\combase.dll
0x00007ffc301f0000 - 0x00007ffc3026e000 	C:\WINDOWS\System32\bcryptPrimitives.dll
0x00007ffc31da0000 - 0x00007ffc31dce000 	C:\WINDOWS\System32\IMM32.DLL
0x0000000052d30000 - 0x0000000052e02000 	C:\Program Files\Java\jdk1.8.0_191\jre\bin\msvcr100.dll
0x0000000052480000 - 0x0000000052d24000 	C:\Program Files\Java\jdk1.8.0_191\jre\bin\server\jvm.dll
0x00007ffc31aa0000 - 0x00007ffc31aa8000 	C:\WINDOWS\System32\PSAPI.DLL
0x00007ffc2c410000 - 0x00007ffc2c419000 	C:\WINDOWS\SYSTEM32\WSOCK32.dll
0x00007ffc33b50000 - 0x00007ffc33bbd000 	C:\WINDOWS\System32\WS2_32.dll
0x00007ffc2c350000 - 0x00007ffc2c374000 	C:\WINDOWS\SYSTEM32\WINMM.dll
0x00007ffc1fbd0000 - 0x00007ffc1fbda000 	C:\WINDOWS\SYSTEM32\VERSION.dll
0x00007ffc2c320000 - 0x00007ffc2c34d000 	C:\WINDOWS\SYSTEM32\WINMMBASE.dll
0x00007ffc30c60000 - 0x00007ffc30caa000 	C:\WINDOWS\System32\cfgmgr32.dll
0x0000000052470000 - 0x000000005247f000 	C:\Program Files\Java\jdk1.8.0_191\jre\bin\verify.dll
0x0000000052440000 - 0x0000000052469000 	C:\Program Files\Java\jdk1.8.0_191\jre\bin\java.dll
0x0000000052410000 - 0x0000000052433000 	C:\Program Files\Java\jdk1.8.0_191\jre\bin\instrument.dll
0x00000000523f0000 - 0x0000000052406000 	C:\Program Files\Java\jdk1.8.0_191\jre\bin\zip.dll
0x00007ffc322c0000 - 0x00007ffc337b4000 	C:\WINDOWS\System32\SHELL32.dll
0x00007ffc33860000 - 0x00007ffc33908000 	C:\WINDOWS\System32\shcore.dll
0x00007ffc30270000 - 0x00007ffc309bd000 	C:\WINDOWS\System32\windows.storage.dll
0x00007ffc2fc40000 - 0x00007ffc2fc64000 	C:\WINDOWS\System32\profapi.dll
0x00007ffc2fc70000 - 0x00007ffc2fccd000 	C:\WINDOWS\System32\powrprof.dll
0x00007ffc31780000 - 0x00007ffc317d2000 	C:\WINDOWS\System32\shlwapi.dll
0x00007ffc2fcd0000 - 0x00007ffc2fce1000 	C:\WINDOWS\System32\kernel.appcore.dll
0x00007ffc30cb0000 - 0x00007ffc30cc7000 	C:\WINDOWS\System32\cryptsp.dll
0x00007ffc24f20000 - 0x00007ffc24f3a000 	C:\Program Files\JetBrains\IntelliJ IDEA Community Edition 2018.3\bin\breakgen64.dll
0x00000000522e0000 - 0x00000000522fa000 	C:\Program Files\Java\jdk1.8.0_191\jre\bin\net.dll
0x00007ffc2f460000 - 0x00007ffc2f4c7000 	C:\WINDOWS\system32\mswsock.dll
0x00000000523e0000 - 0x00000000523ed000 	C:\Program Files\Java\jdk1.8.0_191\jre\bin\management.dll
0x00007ffbfaf40000 - 0x00007ffbfaf56000 	C:\WINDOWS\system32\napinsp.dll
0x00007ffbfaf20000 - 0x00007ffbfaf3a000 	C:\WINDOWS\system32\pnrpnsp.dll
0x00007ffc2f1d0000 - 0x00007ffc2f296000 	C:\WINDOWS\SYSTEM32\DNSAPI.dll
0x00007ffc31770000 - 0x00007ffc31778000 	C:\WINDOWS\System32\NSI.dll
0x00007ffc2f190000 - 0x00007ffc2f1cd000 	C:\WINDOWS\SYSTEM32\IPHLPAPI.DLL
0x00007ffc21030000 - 0x00007ffc2103e000 	C:\WINDOWS\System32\winrnr.dll
0x00007ffc27260000 - 0x00007ffc2727b000 	C:\WINDOWS\system32\NLAapi.dll
0x00007ffc286d0000 - 0x00007ffc286e5000 	C:\WINDOWS\system32\wshbth.dll
0x00007ffc23740000 - 0x00007ffc2374a000 	C:\Windows\System32\rasadhlp.dll
0x00007ffc24230000 - 0x00007ffc242a9000 	C:\WINDOWS\System32\fwpuclnt.dll
0x00007ffc301c0000 - 0x00007ffc301e6000 	C:\WINDOWS\System32\bcrypt.dll
0x00000000522c0000 - 0x00000000522d1000 	C:\Program Files\Java\jdk1.8.0_191\jre\bin\nio.dll
0x00007ffc2eff0000 - 0x00007ffc2f023000 	C:\WINDOWS\system32\rsaenh.dll
0x00007ffc2fb40000 - 0x00007ffc2fb68000 	C:\WINDOWS\SYSTEM32\USERENV.dll
0x00007ffc2f5e0000 - 0x00007ffc2f5ec000 	C:\WINDOWS\SYSTEM32\CRYPTBASE.dll
0x00007ffc254f0000 - 0x00007ffc25506000 	C:\WINDOWS\SYSTEM32\dhcpcsvc6.DLL
0x00007ffc25240000 - 0x00007ffc2525c000 	C:\WINDOWS\SYSTEM32\dhcpcsvc.DLL

VM Arguments:
jvm_args: -javaagent:C:\Program Files\JetBrains\IntelliJ IDEA Community Edition 2018.3\lib\idea_rt.jar=62740:C:\Program Files\JetBrains\IntelliJ IDEA Community Edition 2018.3\bin -Dfile.encoding=UTF-8 
java_command: com.it.fleetapp.FleetappApplication
java_class_path (initial): C:\Program Files\Java\jdk1.8.0_191\jre\lib\charsets.jar;C:\Program Files\Java\jdk1.8.0_191\jre\lib\deploy.jar;C:\Program Files\Java\jdk1.8.0_191\jre\lib\ext\access-bridge-64.jar;C:\Program Files\Java\jdk1.8.0_191\jre\lib\ext\cldrdata.jar;C:\Program Files\Java\jdk1.8.0_191\jre\lib\ext\dnsns.jar;C:\Program Files\Java\jdk1.8.0_191\jre\lib\ext\jaccess.jar;C:\Program Files\Java\jdk1.8.0_191\jre\lib\ext\jfxrt.jar;C:\Program Files\Java\jdk1.8.0_191\jre\lib\ext\localedata.jar;C:\Program Files\Java\jdk1.8.0_191\jre\lib\ext\nashorn.jar;C:\Program Files\Java\jdk1.8.0_191\jre\lib\ext\sunec.jar;C:\Program Files\Java\jdk1.8.0_191\jre\lib\ext\sunjce_provider.jar;C:\Program Files\Java\jdk1.8.0_191\jre\lib\ext\sunmscapi.jar;C:\Program Files\Java\jdk1.8.0_191\jre\lib\ext\sunpkcs11.jar;C:\Program Files\Java\jdk1.8.0_191\jre\lib\ext\zipfs.jar;C:\Program Files\Java\jdk1.8.0_191\jre\lib\javaws.jar;C:\Program Files\Java\jdk1.8.0_191\jre\lib\jce.jar;C:\Program Files\Java\jdk1.8.0_191\jre\lib\jfr.jar;C:\Program Files\Java\jdk1.8.0_191\jre\lib\jfxswt.jar;C:\Program Files\Java\jdk1.8.0_191\jre\lib\jsse.jar;C:\Program Files\Java\jdk1.8.0_191\jre\lib\management-agent.jar;C:\Program Files\Java\jdk1.8.0_191\jre\lib\plugin.jar;C:\Program Files\Java\jdk1.8.0_191\jre\lib\resources.jar;C:\Program Files\Java\jdk1.8.0_191\jre\lib\rt.jar;C:\Users\Folio9470m\IdeaProjects\fleetapp\target\classes;C:\Users\Folio9470m\.m2\repository\org\springframework\boot\spring-boot-starter-data-jpa\2.2.4.RELEASE\spring-boot-starter-data-jpa-2.2.4.RELEASE.jar;C:\Users\Folio9470m\.m2\repository\org\springframework\boot\spring-boot-starter-aop\2.2.4.RELEASE\spring-boot-starter-aop-2.2.4.RELEASE.jar;C:\Users\Folio9470m\.m2\repository\org\springframework\spring-aop\5.2.3.RELEASE\spring-aop-5.2.3.RELEASE.jar;C:\Users\Folio9470m\.m2\repository\org\aspectj\aspectjweaver\1.9.5\aspectjweaver-1.9.5.jar;C:\Users\Folio9470m\.m2\repository\org\springframework\boot\spring-boot-starter-jdbc\2.2.4.RELEASE\spr
Launcher Type: SUN_STANDARD

Environment Variables:
JAVA_HOME=C:\Program Files\Java\jdk1.8.0_191\bin
PATH=C:\Program Files (x86)\Common Files\Oracle\Java\javapath;C:\ProgramData\DockerDesktop\version-bin;C:\Program Files\Docker\Docker\Resources\bin;C:\WINDOWS\system32;C:\WINDOWS;C:\WINDOWS\System32\Wbem;C:\WINDOWS\System32\WindowsPowerShell\v1.0\;C:\Program Files\Git\cmd;C:\WINDOWS\System32\OpenSSH\;C:\wamp\bin\mysql\mysql5.6.12\bin;C:\Program Files\nodejs\;C:\Program Files\Java\jdk1.8.0_191\bin;C:\Program Files\heroku\bin;C:\Program Files\PostgreSQL\12\bin;C:\Users\Folio9470m\AppData\Local\Programs\Microsoft VS Code\bin;C:\Users\Folio9470m\AppData\Local\Microsoft\WindowsApps;C:\wamp\bin\mysql\mysql5.6.12\bin;C:\Users\Folio9470m\AppData\Roaming\npm;C:\Program Files\Java\jdk1.8.0_191\bin;C:\Program Files\heroku\bin;C:\Program Files\heroku\bin;C:\Program Files\PostgreSQL\12\bin;
USERNAME=Folio9470m
OS=Windows_NT
PROCESSOR_IDENTIFIER=Intel64 Family 6 Model 58 Stepping 9, GenuineIntel



---------------  S Y S T E M  ---------------

OS: Windows 10.0 , 64 bit Build 17763 (10.0.17763.475)

CPU:total 4 (initial active 4) (2 cores per cpu, 2 threads per core) family 6 model 58 stepping 9, cmov, cx8, fxsr, mmx, sse, sse2, sse3, ssse3, sse4.1, sse4.2, popcnt, avx, aes, clmul, erms, ht, tsc, tscinvbit, tscinv

Memory: 4k page, physical 8248876k(1529804k free), swap 16787788k(3804k free)

vm_info: Java HotSpot(TM) 64-Bit Server VM (25.191-b12) for windows-amd64 JRE (1.8.0_191-b12), built on Oct  6 2018 09:29:03 by "java_re" with MS VC++ 10.0 (VS2010)

time: Sun Mar 01 18:01:23 2020
elapsed time: 12 seconds (0d 0h 0m 12s)

