#
# There is insufficient memory for the Java Runtime Environment to continue.
# Native memory allocation (malloc) failed to allocate 792416 bytes for Chunk::new
# Possible reasons:
#   The system is out of physical RAM or swap space
#   In 32 bit mode, the process size limit was hit
# Possible solutions:
#   Reduce memory load on the system
#   Increase physical memory or swap space
#   Check if swap backing store is full
#   Use 64 bit Java on a 64 bit OS
#   Decrease Java heap size (-Xmx/-Xms)
#   Decrease number of Java threads
#   Decrease Java thread stack sizes (-Xss)
#   Set larger code cache with -XX:ReservedCodeCacheSize=
# This output file may be truncated or incomplete.
#
#  Out of Memory Error (allocation.cpp:390), pid=4508, tid=0x0000000000000870
#
# JRE version: Java(TM) SE Runtime Environment (8.0_191-b12) (build 1.8.0_191-b12)
# Java VM: Java HotSpot(TM) 64-Bit Server VM (25.191-b12 mixed mode windows-amd64 compressed oops)
# Failed to write core dump. Minidumps are not enabled by default on client versions of Windows
#

---------------  T H R E A D  ---------------

Current thread (0x00000000190b2800):  JavaThread "C2 CompilerThread0" daemon [_thread_in_native, id=2160, stack(0x0000000019260000,0x0000000019360000)]

Stack: [0x0000000019260000,0x0000000019360000]
[error occurred during error reporting (printing stack bounds), id 0xc0000005]

Native frames: (J=compiled Java code, j=interpreted, Vv=VM code, C=native code)


Current CompileTask:
C2:   6305 2059       4       java.net.URLClassLoader$1::run (5 bytes)


---------------  P R O C E S S  ---------------

Java Threads: ( => current thread )
  0x000000001915d800 JavaThread "Service Thread" daemon [_thread_blocked, id=14584, stack(0x0000000019d60000,0x0000000019e60000)]
  0x0000000019145800 JavaThread "C1 CompilerThread2" daemon [_thread_blocked, id=27276, stack(0x0000000019460000,0x0000000019560000)]
  0x00000000190f4000 JavaThread "C2 CompilerThread1" daemon [_thread_in_native, id=21252, stack(0x0000000019360000,0x0000000019460000)]
=>0x00000000190b2800 JavaThread "C2 CompilerThread0" daemon [_thread_in_native, id=2160, stack(0x0000000019260000,0x0000000019360000)]
  0x00000000190ff000 JavaThread "Monitor Ctrl-Break" daemon [_thread_in_native, id=14684, stack(0x0000000019160000,0x0000000019260000)]
  0x00000000176fc000 JavaThread "Attach Listener" daemon [_thread_blocked, id=10312, stack(0x0000000018c60000,0x0000000018d60000)]
  0x00000000176fa800 JavaThread "Signal Dispatcher" daemon [_thread_blocked, id=20460, stack(0x0000000018b60000,0x0000000018c60000)]
  0x00000000176dd000 JavaThread "Finalizer" daemon [_thread_blocked, id=24660, stack(0x0000000018940000,0x0000000018a40000)]
  0x0000000002c17000 JavaThread "Reference Handler" daemon [_thread_blocked, id=1108, stack(0x0000000018840000,0x0000000018940000)]
  0x0000000000fbd000 JavaThread "main" [_thread_in_vm, id=15976, stack(0x0000000002880000,0x0000000002980000)]

Other Threads:
  0x00000000176b7000 VMThread [stack: 0x0000000018740000,0x0000000018840000] [id=13288]
  0x000000001915e000 WatcherThread [stack: 0x0000000019fd0000,0x000000001a0d0000] [id=24876]

VM state:not at safepoint (normal execution)

VM Mutex/Monitor currently owned by a thread: None

Heap:
 PSYoungGen      total 108032K, used 20030K [0x00000000d6100000, 0x00000000dec00000, 0x0000000100000000)
  eden space 104960K, 16% used [0x00000000d6100000,0x00000000d71ba0b8,0x00000000dc780000)
  from space 3072K, 94% used [0x00000000de900000,0x00000000debd5780,0x00000000dec00000)
  to   space 8704K, 0% used [0x00000000ddb00000,0x00000000ddb00000,0x00000000de380000)
 ParOldGen       total 55296K, used 6528K [0x0000000082200000, 0x0000000085800000, 0x00000000d6100000)
  object space 55296K, 11% used [0x0000000082200000,0x0000000082860150,0x0000000085800000)
 Metaspace       used 22505K, capacity 23318K, committed 23552K, reserved 1069056K
  class space    used 2895K, capacity 3071K, committed 3072K, reserved 1048576K

Card table byte_map: [0x0000000011fe0000,0x00000000123d0000] byte_map_base: 0x0000000011bcf000

Marking Bits: (ParMarkBitMap*) 0x0000000052ca3e30
 Begin Bits: [0x0000000012a70000, 0x00000000149e8000)
 End Bits:   [0x00000000149e8000, 0x0000000016960000)

Polling page: 0x0000000000f10000

CodeCache: size=245760Kb used=6780Kb max_used=6780Kb free=238979Kb
 bounds [0x0000000002c20000, 0x00000000032d0000, 0x0000000011c20000]
 total_blobs=2443 nmethods=2070 adapters=285
 compilation: enabled

Compilation events (10 events):
Event: 6.283 Thread 0x0000000019145800 2067       3       java.util.stream.Collectors::access$000 (4 bytes)
Event: 6.284 Thread 0x0000000019145800 nmethod 2067 0x00000000032c09d0 code [0x00000000032c0b40, 0x00000000032c0e10]
Event: 6.288 Thread 0x0000000019145800 2070   !   3       sun.net.www.protocol.jar.JarFileFactory::getConnection (40 bytes)
Event: 6.289 Thread 0x0000000019145800 nmethod 2070 0x00000000032c0f10 code [0x00000000032c10e0, 0x00000000032c1a48]
Event: 6.291 Thread 0x0000000019145800 2071       3       org.springframework.util.LinkedMultiValueMap::get (6 bytes)
Event: 6.292 Thread 0x0000000019145800 nmethod 2071 0x00000000032c1e50 code [0x00000000032c1fc0, 0x00000000032c2348]
Event: 6.292 Thread 0x0000000019145800 2072       3       org.springframework.util.LinkedMultiValueMap::get (14 bytes)
Event: 6.292 Thread 0x0000000019145800 nmethod 2072 0x00000000032c2490 code [0x00000000032c2600, 0x00000000032c2928]
Event: 6.292 Thread 0x0000000019145800 2073       3       org.springframework.core.OrderComparator::compare (8 bytes)
Event: 6.292 Thread 0x0000000019145800 nmethod 2073 0x00000000032c2a10 code [0x00000000032c2b80, 0x00000000032c2d08]

GC Heap History (10 events):
Event: 2.630 GC heap before
{Heap before GC invocations=3 (full 0):
 PSYoungGen      total 37888K, used 37756K [0x00000000d6100000, 0x00000000d8b00000, 0x0000000100000000)
  eden space 32768K, 100% used [0x00000000d6100000,0x00000000d8100000,0x00000000d8100000)
  from space 5120K, 97% used [0x00000000d8600000,0x00000000d8adf3f0,0x00000000d8b00000)
  to   space 5120K, 0% used [0x00000000d8100000,0x00000000d8100000,0x00000000d8600000)
 ParOldGen       total 86016K, used 24K [0x0000000082200000, 0x0000000087600000, 0x00000000d6100000)
  object space 86016K, 0% used [0x0000000082200000,0x0000000082206000,0x0000000087600000)
 Metaspace       used 14547K, capacity 15098K, committed 15488K, reserved 1062912K
  class space    used 1898K, capacity 2057K, committed 2176K, reserved 1048576K
Event: 2.638 GC heap after
Heap after GC invocations=3 (full 0):
 PSYoungGen      total 37888K, used 5115K [0x00000000d6100000, 0x00000000dab00000, 0x0000000100000000)
  eden space 32768K, 0% used [0x00000000d6100000,0x00000000d6100000,0x00000000d8100000)
  from space 5120K, 99% used [0x00000000d8100000,0x00000000d85fec10,0x00000000d8600000)
  to   space 5120K, 0% used [0x00000000da600000,0x00000000da600000,0x00000000dab00000)
 ParOldGen       total 86016K, used 460K [0x0000000082200000, 0x0000000087600000, 0x00000000d6100000)
  object space 86016K, 0% used [0x0000000082200000,0x0000000082273240,0x0000000087600000)
 Metaspace       used 14547K, capacity 15098K, committed 15488K, reserved 1062912K
  class space    used 1898K, capacity 2057K, committed 2176K, reserved 1048576K
}
Event: 3.143 GC heap before
{Heap before GC invocations=4 (full 0):
 PSYoungGen      total 37888K, used 37883K [0x00000000d6100000, 0x00000000dab00000, 0x0000000100000000)
  eden space 32768K, 100% used [0x00000000d6100000,0x00000000d8100000,0x00000000d8100000)
  from space 5120K, 99% used [0x00000000d8100000,0x00000000d85fec10,0x00000000d8600000)
  to   space 5120K, 0% used [0x00000000da600000,0x00000000da600000,0x00000000dab00000)
 ParOldGen       total 86016K, used 460K [0x0000000082200000, 0x0000000087600000, 0x00000000d6100000)
  object space 86016K, 0% used [0x0000000082200000,0x0000000082273240,0x0000000087600000)
 Metaspace       used 18110K, capacity 18710K, committed 18944K, reserved 1064960K
  class space    used 2318K, capacity 2465K, committed 2560K, reserved 1048576K
Event: 3.154 GC heap after
Heap after GC invocations=4 (full 0):
 PSYoungGen      total 70656K, used 5089K [0x00000000d6100000, 0x00000000dab00000, 0x0000000100000000)
  eden space 65536K, 0% used [0x00000000d6100000,0x00000000d6100000,0x00000000da100000)
  from space 5120K, 99% used [0x00000000da600000,0x00000000daaf8490,0x00000000dab00000)
  to   space 5120K, 0% used [0x00000000da100000,0x00000000da100000,0x00000000da600000)
 ParOldGen       total 86016K, used 2545K [0x0000000082200000, 0x0000000087600000, 0x00000000d6100000)
  object space 86016K, 2% used [0x0000000082200000,0x000000008247c690,0x0000000087600000)
 Metaspace       used 18110K, capacity 18710K, committed 18944K, reserved 1064960K
  class space    used 2318K, capacity 2465K, committed 2560K, reserved 1048576K
}
Event: 3.524 GC heap before
{Heap before GC invocations=5 (full 0):
 PSYoungGen      total 70656K, used 28589K [0x00000000d6100000, 0x00000000dab00000, 0x0000000100000000)
  eden space 65536K, 35% used [0x00000000d6100000,0x00000000d77f32b8,0x00000000da100000)
  from space 5120K, 99% used [0x00000000da600000,0x00000000daaf8490,0x00000000dab00000)
  to   space 5120K, 0% used [0x00000000da100000,0x00000000da100000,0x00000000da600000)
 ParOldGen       total 86016K, used 2545K [0x0000000082200000, 0x0000000087600000, 0x00000000d6100000)
  object space 86016K, 2% used [0x0000000082200000,0x000000008247c690,0x0000000087600000)
 Metaspace       used 20579K, capacity 21192K, committed 21248K, reserved 1067008K
  class space    used 2649K, capacity 2816K, committed 2816K, reserved 1048576K
Event: 3.545 GC heap after
Heap after GC invocations=5 (full 0):
 PSYoungGen      total 70656K, used 5118K [0x00000000d6100000, 0x00000000df100000, 0x0000000100000000)
  eden space 65536K, 0% used [0x00000000d6100000,0x00000000d6100000,0x00000000da100000)
  from space 5120K, 99% used [0x00000000da100000,0x00000000da5ffb70,0x00000000da600000)
  to   space 8192K, 0% used [0x00000000de900000,0x00000000de900000,0x00000000df100000)
 ParOldGen       total 86016K, used 4072K [0x0000000082200000, 0x0000000087600000, 0x00000000d6100000)
  object space 86016K, 4% used [0x0000000082200000,0x00000000825fa2f0,0x0000000087600000)
 Metaspace       used 20579K, capacity 21192K, committed 21248K, reserved 1067008K
  class space    used 2649K, capacity 2816K, committed 2816K, reserved 1048576K
}
Event: 3.545 GC heap before
{Heap before GC invocations=6 (full 1):
 PSYoungGen      total 70656K, used 5118K [0x00000000d6100000, 0x00000000df100000, 0x0000000100000000)
  eden space 65536K, 0% used [0x00000000d6100000,0x00000000d6100000,0x00000000da100000)
  from space 5120K, 99% used [0x00000000da100000,0x00000000da5ffb70,0x00000000da600000)
  to   space 8192K, 0% used [0x00000000de900000,0x00000000de900000,0x00000000df100000)
 ParOldGen       total 86016K, used 4072K [0x0000000082200000, 0x0000000087600000, 0x00000000d6100000)
  object space 86016K, 4% used [0x0000000082200000,0x00000000825fa2f0,0x0000000087600000)
 Metaspace       used 20579K, capacity 21192K, committed 21248K, reserved 1067008K
  class space    used 2649K, capacity 2816K, committed 2816K, reserved 1048576K
Event: 3.603 GC heap after
Heap after GC invocations=6 (full 1):
 PSYoungGen      total 70656K, used 0K [0x00000000d6100000, 0x00000000df100000, 0x0000000100000000)
  eden space 65536K, 0% used [0x00000000d6100000,0x00000000d6100000,0x00000000da100000)
  from space 5120K, 0% used [0x00000000da100000,0x00000000da100000,0x00000000da600000)
  to   space 8192K, 0% used [0x00000000de900000,0x00000000de900000,0x00000000df100000)
 ParOldGen       total 55296K, used 6528K [0x0000000082200000, 0x0000000085800000, 0x00000000d6100000)
  object space 55296K, 11% used [0x0000000082200000,0x0000000082860150,0x0000000085800000)
 Metaspace       used 20577K, capacity 21186K, committed 21248K, reserved 1067008K
  class space    used 2648K, capacity 2815K, committed 2816K, reserved 1048576K
}
Event: 5.571 GC heap before
{Heap before GC invocations=7 (full 1):
 PSYoungGen      total 70656K, used 65536K [0x00000000d6100000, 0x00000000df100000, 0x0000000100000000)
  eden space 65536K, 100% used [0x00000000d6100000,0x00000000da100000,0x00000000da100000)
  from space 5120K, 0% used [0x00000000da100000,0x00000000da100000,0x00000000da600000)
  to   space 8192K, 0% used [0x00000000de900000,0x00000000de900000,0x00000000df100000)
 ParOldGen       total 55296K, used 6528K [0x0000000082200000, 0x0000000085800000, 0x00000000d6100000)
  object space 55296K, 11% used [0x0000000082200000,0x0000000082860150,0x0000000085800000)
 Metaspace       used 22100K, capacity 22900K, committed 23040K, reserved 1069056K
  class space    used 2850K, capacity 3026K, committed 3072K, reserved 1048576K
Event: 5.619 GC heap after
Heap after GC invocations=7 (full 1):
 PSYoungGen      total 108032K, used 2901K [0x00000000d6100000, 0x00000000dec00000, 0x0000000100000000)
  eden space 104960K, 0% used [0x00000000d6100000,0x00000000d6100000,0x00000000dc780000)
  from space 3072K, 94% used [0x00000000de900000,0x00000000debd5780,0x00000000dec00000)
  to   space 8704K, 0% used [0x00000000ddb00000,0x00000000ddb00000,0x00000000de380000)
 ParOldGen       total 55296K, used 6528K [0x0000000082200000, 0x0000000085800000, 0x00000000d6100000)
  object space 55296K, 11% used [0x0000000082200000,0x0000000082860150,0x0000000085800000)
 Metaspace       used 22100K, capacity 22900K, committed 23040K, reserved 1069056K
  class space    used 2850K, capacity 3026K, committed 3072K, reserved 1048576K
}

Deoptimization events (10 events):
Event: 2.584 Thread 0x0000000000fbd000 Uncommon trap: reason=unstable_if action=reinterpret pc=0x0000000002ee5288 method=java.util.HashMap.getNode(ILjava/lang/Object;)Ljava/util/HashMap$Node; @ 129
Event: 2.584 Thread 0x0000000000fbd000 Uncommon trap: reason=unstable_if action=reinterpret pc=0x0000000002fe4e64 method=java.util.HashMap.putVal(ILjava/lang/Object;Ljava/lang/Object;ZZ)Ljava/lang/Object; @ 193
Event: 2.585 Thread 0x0000000000fbd000 Uncommon trap: reason=unstable_if action=reinterpret pc=0x0000000002eb81bc method=java.util.HashMap.getNode(ILjava/lang/Object;)Ljava/util/HashMap$Node; @ 129
Event: 2.732 Thread 0x0000000019b02800 Uncommon trap: reason=unstable_if action=reinterpret pc=0x0000000002fd98b4 method=java.util.HashMap.putVal(ILjava/lang/Object;Ljava/lang/Object;ZZ)Ljava/lang/Object; @ 193
Event: 2.841 Thread 0x0000000000fbd000 Uncommon trap: reason=class_check action=maybe_recompile pc=0x0000000002e28354 method=java.lang.String.equals(Ljava/lang/Object;)Z @ 8
Event: 2.907 Thread 0x0000000000fbd000 Uncommon trap: reason=class_check action=maybe_recompile pc=0x0000000002e28354 method=java.lang.String.equals(Ljava/lang/Object;)Z @ 8
Event: 2.907 Thread 0x0000000000fbd000 Uncommon trap: reason=class_check action=maybe_recompile pc=0x0000000002e28354 method=java.lang.String.equals(Ljava/lang/Object;)Z @ 8
Event: 2.907 Thread 0x0000000000fbd000 Uncommon trap: reason=class_check action=maybe_recompile pc=0x0000000002e28354 method=java.lang.String.equals(Ljava/lang/Object;)Z @ 8
Event: 3.249 Thread 0x0000000000fbd000 Uncommon trap: reason=unstable_if action=reinterpret pc=0x0000000002ed9134 method=java.io.WinNTFileSystem.normalize(Ljava/lang/String;)Ljava/lang/String; @ 128
Event: 3.614 Thread 0x0000000019b02800 Uncommon trap: reason=unstable_if action=reinterpret pc=0x0000000002ff37e4 method=jdk.internal.org.objectweb.asm.Type.getArgumentsAndReturnSizes(Ljava/lang/String;)I @ 47

Classes redefined (0 events):
No events

Internal exceptions (10 events):
Event: 3.195 Thread 0x0000000000fbd000 Exception <a 'java/lang/ClassNotFoundException': org/springframework/beans/factory/AwareCustomizer> (0x00000000d64f55f0) thrown at [C:\re\workspace\8-2-build-windows-amd64-cygwin\jdk8u191\11896\hotspot\src\share\vm\classfile\systemDictionary.cpp, line 210
Event: 3.195 Thread 0x0000000000fbd000 Exception <a 'java/lang/ClassNotFoundException': org/springframework/beans/factory/BeanClassLoaderAwareCustomizer> (0x00000000d650d688) thrown at [C:\re\workspace\8-2-build-windows-amd64-cygwin\jdk8u191\11896\hotspot\src\share\vm\classfile\systemDictionar
Event: 3.196 Thread 0x0000000000fbd000 Exception <a 'java/lang/ClassNotFoundException': org/springframework/beans/factory/AwareCustomizer> (0x00000000d65224c0) thrown at [C:\re\workspace\8-2-build-windows-amd64-cygwin\jdk8u191\11896\hotspot\src\share\vm\classfile\systemDictionary.cpp, line 210
Event: 3.197 Thread 0x0000000000fbd000 Exception <a 'java/lang/ClassNotFoundException': org/springframework/context/EnvironmentAwareCustomizer> (0x00000000d6537728) thrown at [C:\re\workspace\8-2-build-windows-amd64-cygwin\jdk8u191\11896\hotspot\src\share\vm\classfile\systemDictionary.cpp, lin
Event: 3.198 Thread 0x0000000000fbd000 Exception <a 'java/lang/ClassNotFoundException': org/springframework/beans/factory/AwareCustomizer> (0x00000000d654c440) thrown at [C:\re\workspace\8-2-build-windows-amd64-cygwin\jdk8u191\11896\hotspot\src\share\vm\classfile\systemDictionary.cpp, line 210
Event: 3.259 Thread 0x0000000000fbd000 Exception <a 'java/lang/NoSuchMethodError': java.lang.Object.lambda$comparing$77a9974f$1(Ljava/util/function/Function;Ljava/lang/Object;Ljava/lang/Object;)I> (0x00000000d68e2058) thrown at [C:\re\workspace\8-2-build-windows-amd64-cygwin\jdk8u191\11896\hot
Event: 3.623 Thread 0x0000000019b02800 Exception <a 'java/lang/IncompatibleClassChangeError': Found class java.lang.Object, but interface was expected> (0x00000000d61ef4e0) thrown at [C:\re\workspace\8-2-build-windows-amd64-cygwin\jdk8u191\11896\hotspot\src\share\vm\interpreter\linkResolver.cp
Event: 5.086 Thread 0x0000000000fbd000 Exception <a 'java/lang/IncompatibleClassChangeError': Found class java.lang.Object, but interface was expected> (0x00000000d94e4d08) thrown at [C:\re\workspace\8-2-build-windows-amd64-cygwin\jdk8u191\11896\hotspot\src\share\vm\interpreter\linkResolver.cp
Event: 5.192 Thread 0x0000000000fbd000 Exception <a 'java/lang/NoSuchMethodError': java.lang.Object.lambda$getAllAnnotationAttributes$0(Lorg/springframework/util/MultiValueMap;)Lorg/springframework/util/MultiValueMap;> (0x00000000d96e77b8) thrown at [C:\re\workspace\8-2-build-windows-amd64-cyg
Event: 5.195 Thread 0x0000000000fbd000 Exception <a 'java/lang/NoSuchMethodError': java.lang.Object.lambda$identity$2(Ljava/lang/Object;)Ljava/lang/Object;> (0x00000000d9700400) thrown at [C:\re\workspace\8-2-build-windows-amd64-cygwin\jdk8u191\11896\hotspot\src\share\vm\interpreter\linkResolv

Events (10 events):
Event: 6.272 loading class com/github/mxab/thymeleaf/extras/dataattribute/dialect/DataAttributeDialect
Event: 6.272 loading class com/github/mxab/thymeleaf/extras/dataattribute/dialect/DataAttributeDialect done
Event: 6.273 loading class nz/net/ultraq/thymeleaf/LayoutDialect
Event: 6.273 loading class nz/net/ultraq/thymeleaf/LayoutDialect done
Event: 6.274 loading class org/springframework/web/reactive/HandlerResult
Event: 6.274 loading class org/springframework/web/reactive/HandlerResult done
Event: 6.275 loading class org/springframework/web/reactive/HandlerResult
Event: 6.275 loading class org/springframework/web/reactive/HandlerResult done
Event: 6.301 loading class org/springframework/transaction/annotation/EnableTransactionManagement
Event: 6.301 loading class org/springframework/transaction/annotation/EnableTransactionManagement done


Dynamic libraries:
0x00007ff68dd00000 - 0x00007ff68dd37000 	C:\Program Files\Java\jdk1.8.0_191\bin\java.exe
0x00007ffc33bf0000 - 0x00007ffc33ddd000 	C:\WINDOWS\SYSTEM32\ntdll.dll
0x00007ffc31dd0000 - 0x00007ffc31e83000 	C:\WINDOWS\System32\KERNEL32.DLL
0x00007ffc309c0000 - 0x00007ffc30c53000 	C:\WINDOWS\System32\KERNELBASE.dll
0x00007ffc312f0000 - 0x00007ffc31393000 	C:\WINDOWS\System32\ADVAPI32.dll
0x00007ffc337c0000 - 0x00007ffc3385e000 	C:\WINDOWS\System32\msvcrt.dll
0x00007ffc313a0000 - 0x00007ffc3143e000 	C:\WINDOWS\System32\sechost.dll
0x00007ffc31970000 - 0x00007ffc31a92000 	C:\WINDOWS\System32\RPCRT4.dll
0x00007ffc31460000 - 0x00007ffc315f7000 	C:\WINDOWS\System32\USER32.dll
0x00007ffc2fd10000 - 0x00007ffc2fd30000 	C:\WINDOWS\System32\win32u.dll
0x00007ffc31e90000 - 0x00007ffc31eb9000 	C:\WINDOWS\System32\GDI32.dll
0x00007ffc30cd0000 - 0x00007ffc30e69000 	C:\WINDOWS\System32\gdi32full.dll
0x00007ffc2fd30000 - 0x00007ffc2fdd0000 	C:\WINDOWS\System32\msvcp_win.dll
0x00007ffc30060000 - 0x00007ffc3015a000 	C:\WINDOWS\System32\ucrtbase.dll
0x00007ffc1af50000 - 0x00007ffc1b1c9000 	C:\WINDOWS\WinSxS\amd64_microsoft.windows.common-controls_6595b64144ccf1df_6.0.17763.1039_none_de701650534c7021\COMCTL32.dll
0x00007ffc31ec0000 - 0x00007ffc321ec000 	C:\WINDOWS\System32\combase.dll
0x00007ffc301f0000 - 0x00007ffc3026e000 	C:\WINDOWS\System32\bcryptPrimitives.dll
0x00007ffc31da0000 - 0x00007ffc31dce000 	C:\WINDOWS\System32\IMM32.DLL
0x0000000052d30000 - 0x0000000052e02000 	C:\Program Files\Java\jdk1.8.0_191\jre\bin\msvcr100.dll
0x0000000052480000 - 0x0000000052d24000 	C:\Program Files\Java\jdk1.8.0_191\jre\bin\server\jvm.dll
0x00007ffc31aa0000 - 0x00007ffc31aa8000 	C:\WINDOWS\System32\PSAPI.DLL
0x00007ffc1fbd0000 - 0x00007ffc1fbda000 	C:\WINDOWS\SYSTEM32\VERSION.dll
0x00007ffc2c350000 - 0x00007ffc2c374000 	C:\WINDOWS\SYSTEM32\WINMM.dll
0x00007ffc2c410000 - 0x00007ffc2c419000 	C:\WINDOWS\SYSTEM32\WSOCK32.dll
0x00007ffc33b50000 - 0x00007ffc33bbd000 	C:\WINDOWS\System32\WS2_32.dll
0x00007ffc2c320000 - 0x00007ffc2c34d000 	C:\WINDOWS\SYSTEM32\winmmbase.dll
0x00007ffc30c60000 - 0x00007ffc30caa000 	C:\WINDOWS\System32\cfgmgr32.dll
0x0000000052470000 - 0x000000005247f000 	C:\Program Files\Java\jdk1.8.0_191\jre\bin\verify.dll
0x0000000052440000 - 0x0000000052469000 	C:\Program Files\Java\jdk1.8.0_191\jre\bin\java.dll
0x00000000523f0000 - 0x0000000052413000 	C:\Program Files\Java\jdk1.8.0_191\jre\bin\instrument.dll
0x0000000052420000 - 0x0000000052436000 	C:\Program Files\Java\jdk1.8.0_191\jre\bin\zip.dll
0x00007ffc322c0000 - 0x00007ffc337b4000 	C:\WINDOWS\System32\SHELL32.dll
0x00007ffc33860000 - 0x00007ffc33908000 	C:\WINDOWS\System32\shcore.dll
0x00007ffc30270000 - 0x00007ffc309bd000 	C:\WINDOWS\System32\windows.storage.dll
0x00007ffc2fc40000 - 0x00007ffc2fc64000 	C:\WINDOWS\System32\profapi.dll
0x00007ffc2fc70000 - 0x00007ffc2fccd000 	C:\WINDOWS\System32\powrprof.dll
0x00007ffc31780000 - 0x00007ffc317d2000 	C:\WINDOWS\System32\shlwapi.dll
0x00007ffc2fcd0000 - 0x00007ffc2fce1000 	C:\WINDOWS\System32\kernel.appcore.dll
0x00007ffc30cb0000 - 0x00007ffc30cc7000 	C:\WINDOWS\System32\cryptsp.dll
0x00007ffc24f20000 - 0x00007ffc24f3a000 	C:\Program Files\JetBrains\IntelliJ IDEA Community Edition 2018.3\bin\breakgen64.dll
0x00000000522e0000 - 0x00000000522fa000 	C:\Program Files\Java\jdk1.8.0_191\jre\bin\net.dll
0x00007ffc2f460000 - 0x00007ffc2f4c7000 	C:\WINDOWS\system32\mswsock.dll
0x00000000523e0000 - 0x00000000523ed000 	C:\Program Files\Java\jdk1.8.0_191\jre\bin\management.dll
0x00007ffbfaf40000 - 0x00007ffbfaf56000 	C:\WINDOWS\system32\napinsp.dll
0x00007ffbfaf20000 - 0x00007ffbfaf3a000 	C:\WINDOWS\system32\pnrpnsp.dll
0x00007ffc2f1d0000 - 0x00007ffc2f296000 	C:\WINDOWS\SYSTEM32\DNSAPI.dll
0x00007ffc31770000 - 0x00007ffc31778000 	C:\WINDOWS\System32\NSI.dll
0x00007ffc2f190000 - 0x00007ffc2f1cd000 	C:\WINDOWS\SYSTEM32\IPHLPAPI.DLL
0x00007ffc21030000 - 0x00007ffc2103e000 	C:\WINDOWS\System32\winrnr.dll
0x00007ffc27260000 - 0x00007ffc2727b000 	C:\WINDOWS\system32\NLAapi.dll
0x00007ffc286d0000 - 0x00007ffc286e5000 	C:\WINDOWS\system32\wshbth.dll
0x00007ffc23740000 - 0x00007ffc2374a000 	C:\Windows\System32\rasadhlp.dll
0x00007ffc24230000 - 0x00007ffc242a9000 	C:\WINDOWS\System32\fwpuclnt.dll
0x00007ffc301c0000 - 0x00007ffc301e6000 	C:\WINDOWS\System32\bcrypt.dll
0x00000000522c0000 - 0x00000000522d1000 	C:\Program Files\Java\jdk1.8.0_191\jre\bin\nio.dll

VM Arguments:
jvm_args: -javaagent:C:\Program Files\JetBrains\IntelliJ IDEA Community Edition 2018.3\lib\idea_rt.jar=62687:C:\Program Files\JetBrains\IntelliJ IDEA Community Edition 2018.3\bin -Dfile.encoding=UTF-8 
java_command: com.it.fleetapp.FleetappApplication
java_class_path (initial): C:\Program Files\Java\jdk1.8.0_191\jre\lib\charsets.jar;C:\Program Files\Java\jdk1.8.0_191\jre\lib\deploy.jar;C:\Program Files\Java\jdk1.8.0_191\jre\lib\ext\access-bridge-64.jar;C:\Program Files\Java\jdk1.8.0_191\jre\lib\ext\cldrdata.jar;C:\Program Files\Java\jdk1.8.0_191\jre\lib\ext\dnsns.jar;C:\Program Files\Java\jdk1.8.0_191\jre\lib\ext\jaccess.jar;C:\Program Files\Java\jdk1.8.0_191\jre\lib\ext\jfxrt.jar;C:\Program Files\Java\jdk1.8.0_191\jre\lib\ext\localedata.jar;C:\Program Files\Java\jdk1.8.0_191\jre\lib\ext\nashorn.jar;C:\Program Files\Java\jdk1.8.0_191\jre\lib\ext\sunec.jar;C:\Program Files\Java\jdk1.8.0_191\jre\lib\ext\sunjce_provider.jar;C:\Program Files\Java\jdk1.8.0_191\jre\lib\ext\sunmscapi.jar;C:\Program Files\Java\jdk1.8.0_191\jre\lib\ext\sunpkcs11.jar;C:\Program Files\Java\jdk1.8.0_191\jre\lib\ext\zipfs.jar;C:\Program Files\Java\jdk1.8.0_191\jre\lib\javaws.jar;C:\Program Files\Java\jdk1.8.0_191\jre\lib\jce.jar;C:\Program Files\Java\jdk1.8.0_191\jre\lib\jfr.jar;C:\Program Files\Java\jdk1.8.0_191\jre\lib\jfxswt.jar;C:\Program Files\Java\jdk1.8.0_191\jre\lib\jsse.jar;C:\Program Files\Java\jdk1.8.0_191\jre\lib\management-agent.jar;C:\Program Files\Java\jdk1.8.0_191\jre\lib\plugin.jar;C:\Program Files\Java\jdk1.8.0_191\jre\lib\resources.jar;C:\Program Files\Java\jdk1.8.0_191\jre\lib\rt.jar;C:\Users\Folio9470m\IdeaProjects\fleetapp\target\classes;C:\Users\Folio9470m\.m2\repository\org\springframework\boot\spring-boot-starter-data-jpa\2.2.4.RELEASE\spring-boot-starter-data-jpa-2.2.4.RELEASE.jar;C:\Users\Folio9470m\.m2\repository\org\springframework\boot\spring-boot-starter-aop\2.2.4.RELEASE\spring-boot-starter-aop-2.2.4.RELEASE.jar;C:\Users\Folio9470m\.m2\repository\org\springframework\spring-aop\5.2.3.RELEASE\spring-aop-5.2.3.RELEASE.jar;C:\Users\Folio9470m\.m2\repository\org\aspectj\aspectjweaver\1.9.5\aspectjweaver-1.9.5.jar;C:\Users\Folio9470m\.m2\repository\org\springframework\boot\spring-boot-starter-jdbc\2.2.4.RELEASE\spr
Launcher Type: SUN_STANDARD

Environment Variables:
JAVA_HOME=C:\Program Files\Java\jdk1.8.0_191\bin
PATH=C:\Program Files (x86)\Common Files\Oracle\Java\javapath;C:\ProgramData\DockerDesktop\version-bin;C:\Program Files\Docker\Docker\Resources\bin;C:\WINDOWS\system32;C:\WINDOWS;C:\WINDOWS\System32\Wbem;C:\WINDOWS\System32\WindowsPowerShell\v1.0\;C:\Program Files\Git\cmd;C:\WINDOWS\System32\OpenSSH\;C:\wamp\bin\mysql\mysql5.6.12\bin;C:\Program Files\nodejs\;C:\Program Files\Java\jdk1.8.0_191\bin;C:\Program Files\heroku\bin;C:\Program Files\PostgreSQL\12\bin;C:\Users\Folio9470m\AppData\Local\Programs\Microsoft VS Code\bin;C:\Users\Folio9470m\AppData\Local\Microsoft\WindowsApps;C:\wamp\bin\mysql\mysql5.6.12\bin;C:\Users\Folio9470m\AppData\Roaming\npm;C:\Program Files\Java\jdk1.8.0_191\bin;C:\Program Files\heroku\bin;C:\Program Files\heroku\bin;C:\Program Files\PostgreSQL\12\bin;
USERNAME=Folio9470m
OS=Windows_NT
PROCESSOR_IDENTIFIER=Intel64 Family 6 Model 58 Stepping 9, GenuineIntel



---------------  S Y S T E M  ---------------

OS: Windows 10.0 , 64 bit Build 17763 (10.0.17763.475)

CPU:total 4 (initial active 4) (2 cores per cpu, 2 threads per core) family 6 model 58 stepping 9, cmov, cx8, fxsr, mmx, sse, sse2, sse3, ssse3, sse4.1, sse4.2, popcnt, avx, aes, clmul, erms, ht, tsc, tscinvbit, tscinv

Memory: 4k page, physical 8248876k(1637212k free), swap 16787788k(5464k free)

vm_info: Java HotSpot(TM) 64-Bit Server VM (25.191-b12) for windows-amd64 JRE (1.8.0_191-b12), built on Oct  6 2018 09:29:03 by "java_re" with MS VC++ 10.0 (VS2010)

time: Sun Mar 01 17:59:53 2020
elapsed time: 6 seconds (0d 0h 0m 6s)

